<!DOCTYPE html>
<html>
<head>
    <title>Unit Test Report</title>
    <meta http-equiv="Content-Type" content="text/html; charset=UTF-8"/>

<style>
body {
    font-family: Calibri, "Trebuchet MS", sans-serif;
}
* {
    word-break: break-all;
}
table, td, th, .dataid {
    border: 1px solid #aaa;
    border-collapse: collapse;
    background: #fff;
}
section {
    background: rgba(0, 0, 0, 0.05);
    margin: 2ex;
    padding: 1ex;
    border: 1px solid #999;
    border-radius: 5px;
}
h1 {
    font-size: 130%;
}
h2 {
    font-size: 120%;
}
h3 {
    font-size: 100%;
}
h4 {
    font-size: 85%;
}
h1, h2, h3, h4, a[href] {
    cursor: pointer;
    color: #0074d9;
    text-decoration: none;
}
h3 strong, a.failed {
    color: #ff4136;
}
.failed {
    color: #ff4136;
}
a.success {
    color: #3d9970;
}
pre {
    font-family: 'Consolas', 'Deja Vu Sans Mono',
                 'Bitstream Vera Sans Mono', 'Monaco',
                 'Courier New', monospace;
}

.test-details,
.traceback {
    display: none;
}
section:target .test-details {
    display: block;
}

</style>
</head>
<body>
    <h1>Overview</h1>
    <section>
        <table>
            <tr>
                <th>Class</th>
                <th class="failed">Fail</th>
                <th class="failed">Error</th>
                <th>Skip</th>
                <th>Success</th>
                <th>Total</th>
            </tr>
                <tr>
                    <td>test.functional.tests.TestAccountNoContainers</td>
                    <td>0</td>
                    <td>0</td>
                    <td>0</td>
                    <td>1</td>
                    <td>1</td>
                </tr>
                <tr>
                    <td>test.functional.test_tempurl.TestTempurlUTF8</td>
                    <td>0</td>
                    <td>0</td>
                    <td>0</td>
                    <td>10</td>
                    <td>10</td>
                </tr>
                <tr>
                    <td>test.functional.test_container.TestContainerACLsAccount1</td>
                    <td>0</td>
                    <td>0</td>
                    <td>4</td>
                    <td>0</td>
                    <td>4</td>
                </tr>
                <tr>
                    <td>test.functional.test_container.TestContainerACLsAccount4</td>
                    <td>0</td>
                    <td>0</td>
                    <td>2</td>
                    <td>0</td>
                    <td>2</td>
                </tr>
                <tr>
                    <td>test.functional.tests.TestAccount</td>
                    <td>0</td>
                    <td>0</td>
                    <td>1</td>
                    <td>16</td>
                    <td>17</td>
                </tr>
                <tr>
                    <td>test.functional.test_versioned_writes.TestSloWithVersioning</td>
                    <td class="failed">1</td>
                    <td>0</td>
                    <td>0</td>
                    <td>0</td>
                    <td>1</td>
                </tr>
                <tr>
                    <td>test.functional.test_slo.TestSloUTF8</td>
                    <td>0</td>
                    <td>0</td>
                    <td>0</td>
                    <td>40</td>
                    <td>40</td>
                </tr>
                <tr>
                    <td>test.functional.test_slo.TestSlo</td>
                    <td>0</td>
                    <td>0</td>
                    <td>0</td>
                    <td>40</td>
                    <td>40</td>
                </tr>
                <tr>
                    <td>test.functional.tests.TestContainerUTF8</td>
                    <td>0</td>
                    <td>0</td>
                    <td>0</td>
                    <td>28</td>
                    <td>28</td>
                </tr>
                <tr>
                    <td>test.functional.tests.TestFileComparisonUTF8</td>
                    <td>0</td>
                    <td>0</td>
                    <td>0</td>
                    <td>8</td>
                    <td>8</td>
                </tr>
                <tr>
                    <td>test.functional.tests.TestAccountSorting</td>
                    <td>0</td>
                    <td>0</td>
                    <td>0</td>
                    <td>6</td>
                    <td>6</td>
                </tr>
                <tr>
                    <td>test.functional.test_object.TestObject</td>
                    <td>0</td>
                    <td>0</td>
                    <td>4</td>
                    <td>19</td>
                    <td>23</td>
                </tr>
                <tr>
                    <td>test.functional.tests.TestFile</td>
                    <td class="failed">2</td>
                    <td>0</td>
                    <td>0</td>
                    <td>39</td>
                    <td>41</td>
                </tr>
                <tr>
                    <td>test.functional.test_container.TestContainer</td>
                    <td>0</td>
                    <td>0</td>
                    <td>12</td>
                    <td>15</td>
                    <td>27</td>
                </tr>
                <tr>
                    <td>test.functional.test_dlo.TestDloUTF8</td>
                    <td>0</td>
                    <td>0</td>
                    <td>0</td>
                    <td>15</td>
                    <td>15</td>
                </tr>
                <tr>
                    <td>test.functional.test_versioned_writes.TestCrossPolicyObjectVersioning</td>
                    <td>0</td>
                    <td>0</td>
                    <td>5</td>
                    <td>0</td>
                    <td>5</td>
                </tr>
                <tr>
                    <td>test.functional.test_account.TestAccountInNonDefaultDomain</td>
                    <td>0</td>
                    <td>0</td>
                    <td>1</td>
                    <td>0</td>
                    <td>1</td>
                </tr>
                <tr>
                    <td>test.functional.test_access_control.TestRBAC</td>
                    <td>0</td>
                    <td>0</td>
                    <td>2</td>
                    <td>0</td>
                    <td>2</td>
                </tr>
                <tr>
                    <td>test.functional.test_tempurl.TestSloTempurl</td>
                    <td>0</td>
                    <td>0</td>
                    <td>0</td>
                    <td>1</td>
                    <td>1</td>
                </tr>
                <tr>
                    <td>test.functional.tests.TestAccountNoContainersUTF8</td>
                    <td>0</td>
                    <td>0</td>
                    <td>0</td>
                    <td>1</td>
                    <td>1</td>
                </tr>
                <tr>
                    <td>test.functional.tests.TestContainer</td>
                    <td>0</td>
                    <td>0</td>
                    <td>0</td>
                    <td>28</td>
                    <td>28</td>
                </tr>
                <tr>
                    <td>test.functional.tests.TestFileComparison</td>
                    <td>0</td>
                    <td>0</td>
                    <td>0</td>
                    <td>8</td>
                    <td>8</td>
                </tr>
                <tr>
                    <td>test.functional.test_tempurl.TestTempURLPrefix</td>
                    <td>0</td>
                    <td>0</td>
                    <td>0</td>
                    <td>14</td>
                    <td>14</td>
                </tr>
                <tr>
                    <td>test.functional.test_tempurl.TestContainerTempurl</td>
                    <td>0</td>
                    <td>0</td>
                    <td>2</td>
                    <td>9</td>
                    <td>11</td>
                </tr>
                <tr>
                    <td>test.functional.tests.TestAccountUTF8</td>
                    <td>0</td>
                    <td>0</td>
                    <td>1</td>
                    <td>16</td>
                    <td>17</td>
                </tr>
                <tr>
                    <td>test.functional.test_versioned_writes.TestObjectVersioningUTF8</td>
                    <td class="failed">3</td>
                    <td class="failed">1</td>
                    <td>0</td>
                    <td>1</td>
                    <td>5</td>
                </tr>
                <tr>
                    <td>test.functional.test_dlo.TestDlo</td>
                    <td>0</td>
                    <td>0</td>
                    <td>0</td>
                    <td>15</td>
                    <td>15</td>
                </tr>
                <tr>
                    <td>test.functional.tests.TestServiceToken</td>
                    <td>0</td>
                    <td>0</td>
                    <td>5</td>
                    <td>0</td>
                    <td>5</td>
                </tr>
                <tr>
                    <td>test.functional.test_versioned_writes.TestObjectVersioningHistoryMode</td>
                    <td class="failed">4</td>
                    <td>0</td>
                    <td>0</td>
                    <td>1</td>
                    <td>5</td>
                </tr>
                <tr>
                    <td>test.functional.tests.TestContainerPaths</td>
                    <td>0</td>
                    <td>0</td>
                    <td>0</td>
                    <td>3</td>
                    <td>3</td>
                </tr>
                <tr>
                    <td>test.functional.test_access_control.TestRBACInfo</td>
                    <td>0</td>
                    <td>0</td>
                    <td>2</td>
                    <td>0</td>
                    <td>2</td>
                </tr>
                <tr>
                    <td>test.functional.tests.TestFileUTF8</td>
                    <td class="failed">3</td>
                    <td>0</td>
                    <td>0</td>
                    <td>39</td>
                    <td>42</td>
                </tr>
                <tr>
                    <td>test.functional.test_access_control.TestContainerACL</td>
                    <td>0</td>
                    <td>0</td>
                    <td>1</td>
                    <td>0</td>
                    <td>1</td>
                </tr>
                <tr>
                    <td>test.functional.test_versioned_writes.TestObjectVersioning</td>
                    <td class="failed">3</td>
                    <td class="failed">1</td>
                    <td>0</td>
                    <td>1</td>
                    <td>5</td>
                </tr>
                <tr>
                    <td>test.functional.test_tempurl.TestTempurl</td>
                    <td>0</td>
                    <td>0</td>
                    <td>0</td>
                    <td>10</td>
                    <td>10</td>
                </tr>
                <tr>
                    <td>test.functional.test_account.TestAccount</td>
                    <td>0</td>
                    <td>0</td>
                    <td>8</td>
                    <td>7</td>
                    <td>15</td>
                </tr>
                <tr>
                    <td>test.functional.tests.TestContainerSorting</td>
                    <td>0</td>
                    <td>0</td>
                    <td>0</td>
                    <td>6</td>
                    <td>6</td>
                </tr>
                <tr>
                    <td>test.functional.test_tempurl.TestContainerTempurlUTF8</td>
                    <td>0</td>
                    <td>0</td>
                    <td>2</td>
                    <td>9</td>
                    <td>11</td>
                </tr>
                <tr>
                    <td>test.functional.test_tempurl.TestSloTempurlUTF8</td>
                    <td>0</td>
                    <td>0</td>
                    <td>0</td>
                    <td>1</td>
                    <td>1</td>
                </tr>
            <tr>
                <td><strong>Total</strong></td>
                <td class="failed">16</td>
                <td class="failed">2</td>
                <td>52</td>
                <td>407</td>
                <td>477</td>
            </tr>
        </table>
    </section>
    <h1>Failure details</h1>
            <section>
                <h2>test.functional.test_versioned_writes.TestSloWithVersioning (1 failures, 0 errors)</h2>
                <div>
                        <section id="test.functional.test_versioned_writes.TestSloWithVersioning:test_slo_manifest_version">
                            <h3>test_slo_manifest_version: <strong>exceptions.AssertionError</strong></h3>
                            <div class="test-details">
                                <h4>Traceback</h4>
                                <pre class="traceback">Traceback (most recent call last):
  File "/home/travis/swift-venv/local/lib/python2.7/site-packages/unittest2/case.py", line 67, in testPartExecutor
    yield
  File "/home/travis/swift-venv/local/lib/python2.7/site-packages/unittest2/case.py", line 625, in run
    testMethod()
  File "/home/travis/swift/test/functional/test_versioned_writes.py", line 698, in test_slo_manifest_version
    self.assertEqual(1, len(versions_list))
  File "/home/travis/swift-venv/local/lib/python2.7/site-packages/unittest2/case.py", line 836, in assertEqual
    assertion_func(first, second, msg=msg)
  File "/home/travis/swift-venv/local/lib/python2.7/site-packages/unittest2/case.py", line 829, in _baseAssertEqual
    raise self.failureException(msg)
AssertionError: 1 != 0
    '1 != 0' = '%s != %s' % _common_shorten_repr(1, 0)
    '1 != 0' = self._formatMessage('1 != 0', '1 != 0')
>>  raise self.failureException('1 != 0')
    
-------------------- >> begin captured logging << --------------------
urllib3.connectionpool: DEBUG: Starting new HTTP connection (1): 127.0.0.1
urllib3.connectionpool: DEBUG: http://127.0.0.1:8080 "GET /auth/v1.0 HTTP/1.1" 200 0
swiftclient: DEBUG: REQ: curl -i http://127.0.0.1:8080/auth/v1.0 -X GET
swiftclient: DEBUG: RESP STATUS: 200 OK
swiftclient: DEBUG: RESP HEADERS: {u'Content-Length': u'0', u'X-Trans-Id': u'14cd27a6d74d983d', u'X-Auth-Token': u'AUTH_a6aac7dd-bd...', u'X-Storage-Token': u'AUTH_a6aac7dd-bd...', u'Date': u'Sat, 01 Jul 2017 08:30:48 GMT', u'X-Storage-Url': u'http://127.0.0.1:8080/v1/AUTH_test', u'Content-Type': u'text/html; charset=UTF-8', u'X-Openstack-Request-Id': u'14cd27a6d74d983d'}
--------------------- >> end captured logging << ---------------------
</pre>
                                <h4>Details</h4>
                                <pre>1 != 0
    '1 != 0' = '%s != %s' % _common_shorten_repr(1, 0)
    '1 != 0' = self._formatMessage('1 != 0', '1 != 0')
>>  raise self.failureException('1 != 0')
    
-------------------- >> begin captured logging << --------------------
urllib3.connectionpool: DEBUG: Starting new HTTP connection (1): 127.0.0.1
urllib3.connectionpool: DEBUG: http://127.0.0.1:8080 "GET /auth/v1.0 HTTP/1.1" 200 0
swiftclient: DEBUG: REQ: curl -i http://127.0.0.1:8080/auth/v1.0 -X GET
swiftclient: DEBUG: RESP STATUS: 200 OK
swiftclient: DEBUG: RESP HEADERS: {u'Content-Length': u'0', u'X-Trans-Id': u'14cd27a6d74d983d', u'X-Auth-Token': u'AUTH_a6aac7dd-bd...', u'X-Storage-Token': u'AUTH_a6aac7dd-bd...', u'Date': u'Sat, 01 Jul 2017 08:30:48 GMT', u'X-Storage-Url': u'http://127.0.0.1:8080/v1/AUTH_test', u'Content-Type': u'text/html; charset=UTF-8', u'X-Openstack-Request-Id': u'14cd27a6d74d983d'}
--------------------- >> end captured logging << ---------------------</pre>
                            </div>
                        </section>
                </div>
            </section>
            <section>
                <h2>test.functional.tests.TestFile (2 failures, 0 errors)</h2>
                <div>
                        <section id="test.functional.tests.TestFile:testMetadataLengthLimits">
                            <h3>testMetadataLengthLimits: <strong>exceptions.AssertionError</strong></h3>
                            <div class="test-details">
                                <h4>Traceback</h4>
                                <pre class="traceback">Traceback (most recent call last):
  File "/home/travis/swift-venv/local/lib/python2.7/site-packages/unittest2/case.py", line 67, in testPartExecutor
    yield
  File "/home/travis/swift-venv/local/lib/python2.7/site-packages/unittest2/case.py", line 625, in run
    testMethod()
  File "/home/travis/swift/test/functional/tests.py", line 2249, in testMetadataLengthLimits
    self.assertRaises(ResponseError, file_item.sync_metadata)
  File "/home/travis/swift-venv/local/lib/python2.7/site-packages/unittest2/case.py", line 748, in assertRaises
    return context.handle('assertRaises', args, kwargs)
  File "/home/travis/swift-venv/local/lib/python2.7/site-packages/unittest2/case.py", line 194, in handle
    callable_obj(*args, **kwargs)
  File "/home/travis/swift-venv/local/lib/python2.7/site-packages/unittest2/case.py", line 214, in __exit__
    self.obj_name))
  File "/home/travis/swift-venv/local/lib/python2.7/site-packages/unittest2/case.py", line 150, in _raiseFailure
    raise self.test_case.failureException(msg)
AssertionError: ResponseError not raised by sync_metadata
    'ResponseError not raised by sync_metadata' = <unittest2.case._AssertRaisesContext instance at 0x7f8f52811e60>.test_case._formatMessage(<unittest2.case._AssertRaisesContext instance at 0x7f8f52811e60>.'ResponseError not raised by sync_metadata', 'ResponseError not raised by sync_metadata')
>>  raise <unittest2.case._AssertRaisesContext instance at 0x7f8f52811e60>.test_case.failureException('ResponseError not raised by sync_metadata')
    
</pre>
                                <h4>Details</h4>
                                <pre>ResponseError not raised by sync_metadata
    'ResponseError not raised by sync_metadata' = <unittest2.case._AssertRaisesContext instance at 0x7f8f52811e60>.test_case._formatMessage(<unittest2.case._AssertRaisesContext instance at 0x7f8f52811e60>.'ResponseError not raised by sync_metadata', 'ResponseError not raised by sync_metadata')
>>  raise <unittest2.case._AssertRaisesContext instance at 0x7f8f52811e60>.test_case.failureException('ResponseError not raised by sync_metadata')
    </pre>
                            </div>
                        </section>
                        <section id="test.functional.tests.TestFile:testMetadataNumberLimit">
                            <h3>testMetadataNumberLimit: <strong>exceptions.AssertionError</strong></h3>
                            <div class="test-details">
                                <h4>Traceback</h4>
                                <pre class="traceback">Traceback (most recent call last):
  File "/home/travis/swift-venv/local/lib/python2.7/site-packages/unittest2/case.py", line 67, in testPartExecutor
    yield
  File "/home/travis/swift-venv/local/lib/python2.7/site-packages/unittest2/case.py", line 625, in run
    testMethod()
  File "/home/travis/swift/test/functional/tests.py", line 1895, in testMetadataNumberLimit
    self.assertRaises(ResponseError, file_item.sync_metadata)
  File "/home/travis/swift-venv/local/lib/python2.7/site-packages/unittest2/case.py", line 748, in assertRaises
    return context.handle('assertRaises', args, kwargs)
  File "/home/travis/swift-venv/local/lib/python2.7/site-packages/unittest2/case.py", line 194, in handle
    callable_obj(*args, **kwargs)
  File "/home/travis/swift-venv/local/lib/python2.7/site-packages/unittest2/case.py", line 214, in __exit__
    self.obj_name))
  File "/home/travis/swift-venv/local/lib/python2.7/site-packages/unittest2/case.py", line 150, in _raiseFailure
    raise self.test_case.failureException(msg)
AssertionError: ResponseError not raised by sync_metadata
    'ResponseError not raised by sync_metadata' = <unittest2.case._AssertRaisesContext instance at 0x7f8f528331b8>.test_case._formatMessage(<unittest2.case._AssertRaisesContext instance at 0x7f8f528331b8>.'ResponseError not raised by sync_metadata', 'ResponseError not raised by sync_metadata')
>>  raise <unittest2.case._AssertRaisesContext instance at 0x7f8f528331b8>.test_case.failureException('ResponseError not raised by sync_metadata')
    
</pre>
                                <h4>Details</h4>
                                <pre>ResponseError not raised by sync_metadata
    'ResponseError not raised by sync_metadata' = <unittest2.case._AssertRaisesContext instance at 0x7f8f528331b8>.test_case._formatMessage(<unittest2.case._AssertRaisesContext instance at 0x7f8f528331b8>.'ResponseError not raised by sync_metadata', 'ResponseError not raised by sync_metadata')
>>  raise <unittest2.case._AssertRaisesContext instance at 0x7f8f528331b8>.test_case.failureException('ResponseError not raised by sync_metadata')
    </pre>
                            </div>
                        </section>
                </div>
            </section>
            <section>
                <h2>test.functional.test_versioned_writes.TestObjectVersioningUTF8 (3 failures, 1 errors)</h2>
                <div>
                        <section id="test.functional.test_versioned_writes.TestObjectVersioningUTF8:test_overwriting">
                            <h3>test_overwriting: <strong>exceptions.AssertionError</strong></h3>
                            <div class="test-details">
                                <h4>Traceback</h4>
                                <pre class="traceback">Traceback (most recent call last):
  File "/home/travis/swift-venv/local/lib/python2.7/site-packages/unittest2/case.py", line 67, in testPartExecutor
    yield
  File "/home/travis/swift-venv/local/lib/python2.7/site-packages/unittest2/case.py", line 625, in run
    testMethod()
  File "/home/travis/swift/test/functional/test_versioned_writes.py", line 330, in test_overwriting
    self._test_overwriting_setup()
  File "/home/travis/swift/test/functional/test_versioned_writes.py", line 270, in _test_overwriting_setup
    self.assertEqual(1, versions_container.info()['object_count'])
  File "/home/travis/swift-venv/local/lib/python2.7/site-packages/unittest2/case.py", line 836, in assertEqual
    assertion_func(first, second, msg=msg)
  File "/home/travis/swift-venv/local/lib/python2.7/site-packages/unittest2/case.py", line 829, in _baseAssertEqual
    raise self.failureException(msg)
AssertionError: 1 != 0
    '1 != 0' = '%s != %s' % _common_shorten_repr(1, 0)
    '1 != 0' = self._formatMessage('1 != 0', '1 != 0')
>>  raise self.failureException('1 != 0')
    
</pre>
                                <h4>Details</h4>
                                <pre>1 != 0
    '1 != 0' = '%s != %s' % _common_shorten_repr(1, 0)
    '1 != 0' = self._formatMessage('1 != 0', '1 != 0')
>>  raise self.failureException('1 != 0')
    </pre>
                            </div>
                        </section>
                        <section id="test.functional.test_versioned_writes.TestObjectVersioningUTF8:test_versioning_check_acl">
                            <h3>test_versioning_check_acl: <strong>test.functional.swift_test_client.ResponseError</strong></h3>
                            <div class="test-details">
                                <h4>Traceback</h4>
                                <pre class="traceback">Traceback (most recent call last):
  File "/home/travis/swift-venv/local/lib/python2.7/site-packages/unittest2/case.py", line 67, in testPartExecutor
    yield
  File "/home/travis/swift-venv/local/lib/python2.7/site-packages/unittest2/case.py", line 625, in run
    testMethod()
  File "/home/travis/swift/test/functional/test_versioned_writes.py", line 513, in test_versioning_check_acl
    self.assertEqual("aaaaa", versioned_obj.read())
  File "/home/travis/swift/test/functional/swift_test_client.py", line 859, in read
    self.conn.make_path(self.path))
ResponseError: 404: 'Not Found' ('GET' '/v1/AUTH_test/fe2954bbf8-objs/%EB%8C%8C%EF%84%92%E8%94%88%EF%84%8F%E1%A0%83%E5%98%88%EB%8C%8B%E1%A0%82%E9%90%8A%E3%9C%84%ED%88%8E%ED%88%8E%E5%98%86%E1%A0%83%E1%A0%84') txid=14cd27a6bebab1c7
</pre>
                                <h4>Details</h4>
                                <pre>404: 'Not Found' ('GET' '/v1/AUTH_test/fe2954bbf8-objs/%EB%8C%8C%EF%84%92%E8%94%88%EF%84%8F%E1%A0%83%E5%98%88%EB%8C%8B%E1%A0%82%E9%90%8A%E3%9C%84%ED%88%8E%ED%88%8E%E5%98%86%E1%A0%83%E1%A0%84') txid=14cd27a6bebab1c7</pre>
                            </div>
                        </section>
                        <section id="test.functional.test_versioned_writes.TestObjectVersioningUTF8:test_versioning_container_acl">
                            <h3>test_versioning_container_acl: <strong>exceptions.AssertionError</strong></h3>
                            <div class="test-details">
                                <h4>Traceback</h4>
                                <pre class="traceback">Traceback (most recent call last):
  File "/home/travis/swift-venv/local/lib/python2.7/site-packages/unittest2/case.py", line 67, in testPartExecutor
    yield
  File "/home/travis/swift-venv/local/lib/python2.7/site-packages/unittest2/case.py", line 625, in run
    testMethod()
  File "/home/travis/swift/test/functional/test_versioned_writes.py", line 440, in test_versioning_container_acl
    self.assertEqual(1, versions_container.info()['object_count'])
  File "/home/travis/swift-venv/local/lib/python2.7/site-packages/unittest2/case.py", line 836, in assertEqual
    assertion_func(first, second, msg=msg)
  File "/home/travis/swift-venv/local/lib/python2.7/site-packages/unittest2/case.py", line 829, in _baseAssertEqual
    raise self.failureException(msg)
AssertionError: 1 != 0
    '1 != 0' = '%s != %s' % _common_shorten_repr(1, 0)
    '1 != 0' = self._formatMessage('1 != 0', '1 != 0')
>>  raise self.failureException('1 != 0')
    
</pre>
                                <h4>Details</h4>
                                <pre>1 != 0
    '1 != 0' = '%s != %s' % _common_shorten_repr(1, 0)
    '1 != 0' = self._formatMessage('1 != 0', '1 != 0')
>>  raise self.failureException('1 != 0')
    </pre>
                            </div>
                        </section>
                        <section id="test.functional.test_versioned_writes.TestObjectVersioningUTF8:test_versioning_dlo">
                            <h3>test_versioning_dlo: <strong>exceptions.AssertionError</strong></h3>
                            <div class="test-details">
                                <h4>Traceback</h4>
                                <pre class="traceback">Traceback (most recent call last):
  File "/home/travis/swift-venv/local/lib/python2.7/site-packages/unittest2/case.py", line 67, in testPartExecutor
    yield
  File "/home/travis/swift-venv/local/lib/python2.7/site-packages/unittest2/case.py", line 625, in run
    testMethod()
  File "/home/travis/swift/test/functional/test_versioned_writes.py", line 380, in test_versioning_dlo
    self.assertEqual(3, versions_container.info()['object_count'])
  File "/home/travis/swift-venv/local/lib/python2.7/site-packages/unittest2/case.py", line 836, in assertEqual
    assertion_func(first, second, msg=msg)
  File "/home/travis/swift-venv/local/lib/python2.7/site-packages/unittest2/case.py", line 829, in _baseAssertEqual
    raise self.failureException(msg)
AssertionError: 3 != 0
    '3 != 0' = '%s != %s' % _common_shorten_repr(3, 0)
    '3 != 0' = self._formatMessage('3 != 0', '3 != 0')
>>  raise self.failureException('3 != 0')
    
</pre>
                                <h4>Details</h4>
                                <pre>3 != 0
    '3 != 0' = '%s != %s' % _common_shorten_repr(3, 0)
    '3 != 0' = self._formatMessage('3 != 0', '3 != 0')
>>  raise self.failureException('3 != 0')
    </pre>
                            </div>
                        </section>
                </div>
            </section>
            <section>
                <h2>test.functional.test_versioned_writes.TestObjectVersioningHistoryMode (4 failures, 0 errors)</h2>
                <div>
                        <section id="test.functional.test_versioned_writes.TestObjectVersioningHistoryMode:test_overwriting">
                            <h3>test_overwriting: <strong>exceptions.AssertionError</strong></h3>
                            <div class="test-details">
                                <h4>Traceback</h4>
                                <pre class="traceback">Traceback (most recent call last):
  File "/home/travis/swift-venv/local/lib/python2.7/site-packages/unittest2/case.py", line 67, in testPartExecutor
    yield
  File "/home/travis/swift-venv/local/lib/python2.7/site-packages/unittest2/case.py", line 625, in run
    testMethod()
  File "/home/travis/swift/test/functional/test_versioned_writes.py", line 547, in test_overwriting
    self._test_overwriting_setup()
  File "/home/travis/swift/test/functional/test_versioned_writes.py", line 270, in _test_overwriting_setup
    self.assertEqual(1, versions_container.info()['object_count'])
  File "/home/travis/swift-venv/local/lib/python2.7/site-packages/unittest2/case.py", line 836, in assertEqual
    assertion_func(first, second, msg=msg)
  File "/home/travis/swift-venv/local/lib/python2.7/site-packages/unittest2/case.py", line 829, in _baseAssertEqual
    raise self.failureException(msg)
AssertionError: 1 != 0
    '1 != 0' = '%s != %s' % _common_shorten_repr(1, 0)
    '1 != 0' = self._formatMessage('1 != 0', '1 != 0')
>>  raise self.failureException('1 != 0')
    
</pre>
                                <h4>Details</h4>
                                <pre>1 != 0
    '1 != 0' = '%s != %s' % _common_shorten_repr(1, 0)
    '1 != 0' = self._formatMessage('1 != 0', '1 != 0')
>>  raise self.failureException('1 != 0')
    </pre>
                            </div>
                        </section>
                        <section id="test.functional.test_versioned_writes.TestObjectVersioningHistoryMode:test_versioning_check_acl">
                            <h3>test_versioning_check_acl: <strong>exceptions.AssertionError</strong></h3>
                            <div class="test-details">
                                <h4>Traceback</h4>
                                <pre class="traceback">Traceback (most recent call last):
  File "/home/travis/swift-venv/local/lib/python2.7/site-packages/unittest2/case.py", line 67, in testPartExecutor
    yield
  File "/home/travis/swift-venv/local/lib/python2.7/site-packages/unittest2/case.py", line 625, in run
    testMethod()
  File "/home/travis/swift/test/functional/test_versioned_writes.py", line 604, in test_versioning_check_acl
    self.assertEqual(3, self.env.versions_container.info()['object_count'])
  File "/home/travis/swift-venv/local/lib/python2.7/site-packages/unittest2/case.py", line 836, in assertEqual
    assertion_func(first, second, msg=msg)
  File "/home/travis/swift-venv/local/lib/python2.7/site-packages/unittest2/case.py", line 829, in _baseAssertEqual
    raise self.failureException(msg)
AssertionError: 3 != 0
    '3 != 0' = '%s != %s' % _common_shorten_repr(3, 0)
    '3 != 0' = self._formatMessage('3 != 0', '3 != 0')
>>  raise self.failureException('3 != 0')
    
</pre>
                                <h4>Details</h4>
                                <pre>3 != 0
    '3 != 0' = '%s != %s' % _common_shorten_repr(3, 0)
    '3 != 0' = self._formatMessage('3 != 0', '3 != 0')
>>  raise self.failureException('3 != 0')
    </pre>
                            </div>
                        </section>
                        <section id="test.functional.test_versioned_writes.TestObjectVersioningHistoryMode:test_versioning_container_acl">
                            <h3>test_versioning_container_acl: <strong>exceptions.AssertionError</strong></h3>
                            <div class="test-details">
                                <h4>Traceback</h4>
                                <pre class="traceback">Traceback (most recent call last):
  File "/home/travis/swift-venv/local/lib/python2.7/site-packages/unittest2/case.py", line 67, in testPartExecutor
    yield
  File "/home/travis/swift-venv/local/lib/python2.7/site-packages/unittest2/case.py", line 625, in run
    testMethod()
  File "/home/travis/swift/test/functional/test_versioned_writes.py", line 440, in test_versioning_container_acl
    self.assertEqual(1, versions_container.info()['object_count'])
  File "/home/travis/swift-venv/local/lib/python2.7/site-packages/unittest2/case.py", line 836, in assertEqual
    assertion_func(first, second, msg=msg)
  File "/home/travis/swift-venv/local/lib/python2.7/site-packages/unittest2/case.py", line 829, in _baseAssertEqual
    raise self.failureException(msg)
AssertionError: 1 != 0
    '1 != 0' = '%s != %s' % _common_shorten_repr(1, 0)
    '1 != 0' = self._formatMessage('1 != 0', '1 != 0')
>>  raise self.failureException('1 != 0')
    
</pre>
                                <h4>Details</h4>
                                <pre>1 != 0
    '1 != 0' = '%s != %s' % _common_shorten_repr(1, 0)
    '1 != 0' = self._formatMessage('1 != 0', '1 != 0')
>>  raise self.failureException('1 != 0')
    </pre>
                            </div>
                        </section>
                        <section id="test.functional.test_versioned_writes.TestObjectVersioningHistoryMode:test_versioning_dlo">
                            <h3>test_versioning_dlo: <strong>exceptions.AssertionError</strong></h3>
                            <div class="test-details">
                                <h4>Traceback</h4>
                                <pre class="traceback">Traceback (most recent call last):
  File "/home/travis/swift-venv/local/lib/python2.7/site-packages/unittest2/case.py", line 67, in testPartExecutor
    yield
  File "/home/travis/swift-venv/local/lib/python2.7/site-packages/unittest2/case.py", line 625, in run
    testMethod()
  File "/home/travis/swift/test/functional/test_versioned_writes.py", line 380, in test_versioning_dlo
    self.assertEqual(3, versions_container.info()['object_count'])
  File "/home/travis/swift-venv/local/lib/python2.7/site-packages/unittest2/case.py", line 836, in assertEqual
    assertion_func(first, second, msg=msg)
  File "/home/travis/swift-venv/local/lib/python2.7/site-packages/unittest2/case.py", line 829, in _baseAssertEqual
    raise self.failureException(msg)
AssertionError: 3 != 0
    '3 != 0' = '%s != %s' % _common_shorten_repr(3, 0)
    '3 != 0' = self._formatMessage('3 != 0', '3 != 0')
>>  raise self.failureException('3 != 0')
    
</pre>
                                <h4>Details</h4>
                                <pre>3 != 0
    '3 != 0' = '%s != %s' % _common_shorten_repr(3, 0)
    '3 != 0' = self._formatMessage('3 != 0', '3 != 0')
>>  raise self.failureException('3 != 0')
    </pre>
                            </div>
                        </section>
                </div>
            </section>
            <section>
                <h2>test.functional.tests.TestFileUTF8 (3 failures, 0 errors)</h2>
                <div>
                        <section id="test.functional.tests.TestFileUTF8:testBadHeaders">
                            <h3>testBadHeaders: <strong>exceptions.AssertionError</strong></h3>
                            <div class="test-details">
                                <h4>Traceback</h4>
                                <pre class="traceback">Traceback (most recent call last):
  File "/home/travis/swift-venv/local/lib/python2.7/site-packages/unittest2/case.py", line 67, in testPartExecutor
    yield
  File "/home/travis/swift-venv/local/lib/python2.7/site-packages/unittest2/case.py", line 625, in run
    testMethod()
  File "/home/travis/swift/test/functional/tests.py", line 2210, in testBadHeaders
    self.assert_status(501)
  File "/home/travis/swift/test/functional/tests.py", line 112, in assert_status
    (self.env.conn.response.status, status_or_statuses))
  File "/home/travis/swift-venv/local/lib/python2.7/site-packages/unittest2/case.py", line 702, in assertTrue
    raise self.failureException(msg)
AssertionError: False is not true : Status returned: 400 Expected: 501
    'False is not true : Status returned: 400 Expected: 501' = self._formatMessage('False is not true : Status returned: 400 Expected: 501', "%s is not true" % safe_repr(False))
>>  raise self.failureException('False is not true : Status returned: 400 Expected: 501')
    
-------------------- >> begin captured logging << --------------------
urllib3.connectionpool: DEBUG: Starting new HTTP connection (1): 127.0.0.1
urllib3.connectionpool: DEBUG: http://127.0.0.1:8080 "GET /auth/v1.0 HTTP/1.1" 200 0
swiftclient: DEBUG: REQ: curl -i http://127.0.0.1:8080/auth/v1.0 -X GET
swiftclient: DEBUG: RESP STATUS: 200 OK
swiftclient: DEBUG: RESP HEADERS: {u'Content-Length': u'0', u'X-Trans-Id': u'14cd27b18708efbb', u'X-Auth-Token': u'AUTH_a6aac7dd-bd...', u'X-Storage-Token': u'AUTH_a6aac7dd-bd...', u'Date': u'Sat, 01 Jul 2017 08:31:34 GMT', u'X-Storage-Url': u'http://127.0.0.1:8080/v1/AUTH_test', u'Content-Type': u'text/html; charset=UTF-8', u'X-Openstack-Request-Id': u'14cd27b18708efbb'}
urllib3.connectionpool: DEBUG: Starting new HTTP connection (1): 127.0.0.1
urllib3.connectionpool: DEBUG: http://127.0.0.1:8080 "GET /auth/v1.0 HTTP/1.1" 200 0
swiftclient: DEBUG: REQ: curl -i http://127.0.0.1:8080/auth/v1.0 -X GET
swiftclient: DEBUG: RESP STATUS: 200 OK
swiftclient: DEBUG: RESP HEADERS: {u'Content-Length': u'0', u'X-Trans-Id': u'14cd27b192b15ba0', u'X-Auth-Token': u'AUTH_a34106bc-41...', u'X-Storage-Token': u'AUTH_a34106bc-41...', u'Date': u'Sat, 01 Jul 2017 08:31:34 GMT', u'X-Storage-Url': u'http://127.0.0.1:8080/v1/AUTH_test2', u'Content-Type': u'text/html; charset=UTF-8', u'X-Openstack-Request-Id': u'14cd27b192b15ba0'}
--------------------- >> end captured logging << ---------------------
</pre>
                                <h4>Details</h4>
                                <pre>False is not true : Status returned: 400 Expected: 501
    'False is not true : Status returned: 400 Expected: 501' = self._formatMessage('False is not true : Status returned: 400 Expected: 501', "%s is not true" % safe_repr(False))
>>  raise self.failureException('False is not true : Status returned: 400 Expected: 501')
    
-------------------- >> begin captured logging << --------------------
urllib3.connectionpool: DEBUG: Starting new HTTP connection (1): 127.0.0.1
urllib3.connectionpool: DEBUG: http://127.0.0.1:8080 "GET /auth/v1.0 HTTP/1.1" 200 0
swiftclient: DEBUG: REQ: curl -i http://127.0.0.1:8080/auth/v1.0 -X GET
swiftclient: DEBUG: RESP STATUS: 200 OK
swiftclient: DEBUG: RESP HEADERS: {u'Content-Length': u'0', u'X-Trans-Id': u'14cd27b18708efbb', u'X-Auth-Token': u'AUTH_a6aac7dd-bd...', u'X-Storage-Token': u'AUTH_a6aac7dd-bd...', u'Date': u'Sat, 01 Jul 2017 08:31:34 GMT', u'X-Storage-Url': u'http://127.0.0.1:8080/v1/AUTH_test', u'Content-Type': u'text/html; charset=UTF-8', u'X-Openstack-Request-Id': u'14cd27b18708efbb'}
urllib3.connectionpool: DEBUG: Starting new HTTP connection (1): 127.0.0.1
urllib3.connectionpool: DEBUG: http://127.0.0.1:8080 "GET /auth/v1.0 HTTP/1.1" 200 0
swiftclient: DEBUG: REQ: curl -i http://127.0.0.1:8080/auth/v1.0 -X GET
swiftclient: DEBUG: RESP STATUS: 200 OK
swiftclient: DEBUG: RESP HEADERS: {u'Content-Length': u'0', u'X-Trans-Id': u'14cd27b192b15ba0', u'X-Auth-Token': u'AUTH_a34106bc-41...', u'X-Storage-Token': u'AUTH_a34106bc-41...', u'Date': u'Sat, 01 Jul 2017 08:31:34 GMT', u'X-Storage-Url': u'http://127.0.0.1:8080/v1/AUTH_test2', u'Content-Type': u'text/html; charset=UTF-8', u'X-Openstack-Request-Id': u'14cd27b192b15ba0'}
--------------------- >> end captured logging << ---------------------</pre>
                            </div>
                        </section>
                        <section id="test.functional.tests.TestFileUTF8:testMetadataLengthLimits">
                            <h3>testMetadataLengthLimits: <strong>exceptions.AssertionError</strong></h3>
                            <div class="test-details">
                                <h4>Traceback</h4>
                                <pre class="traceback">Traceback (most recent call last):
  File "/home/travis/swift-venv/local/lib/python2.7/site-packages/unittest2/case.py", line 67, in testPartExecutor
    yield
  File "/home/travis/swift-venv/local/lib/python2.7/site-packages/unittest2/case.py", line 625, in run
    testMethod()
  File "/home/travis/swift/test/functional/tests.py", line 2249, in testMetadataLengthLimits
    self.assertRaises(ResponseError, file_item.sync_metadata)
  File "/home/travis/swift-venv/local/lib/python2.7/site-packages/unittest2/case.py", line 748, in assertRaises
    return context.handle('assertRaises', args, kwargs)
  File "/home/travis/swift-venv/local/lib/python2.7/site-packages/unittest2/case.py", line 194, in handle
    callable_obj(*args, **kwargs)
  File "/home/travis/swift-venv/local/lib/python2.7/site-packages/unittest2/case.py", line 214, in __exit__
    self.obj_name))
  File "/home/travis/swift-venv/local/lib/python2.7/site-packages/unittest2/case.py", line 150, in _raiseFailure
    raise self.test_case.failureException(msg)
AssertionError: ResponseError not raised by sync_metadata
    'ResponseError not raised by sync_metadata' = <unittest2.case._AssertRaisesContext instance at 0x7f8f51f40440>.test_case._formatMessage(<unittest2.case._AssertRaisesContext instance at 0x7f8f51f40440>.'ResponseError not raised by sync_metadata', 'ResponseError not raised by sync_metadata')
>>  raise <unittest2.case._AssertRaisesContext instance at 0x7f8f51f40440>.test_case.failureException('ResponseError not raised by sync_metadata')
    
</pre>
                                <h4>Details</h4>
                                <pre>ResponseError not raised by sync_metadata
    'ResponseError not raised by sync_metadata' = <unittest2.case._AssertRaisesContext instance at 0x7f8f51f40440>.test_case._formatMessage(<unittest2.case._AssertRaisesContext instance at 0x7f8f51f40440>.'ResponseError not raised by sync_metadata', 'ResponseError not raised by sync_metadata')
>>  raise <unittest2.case._AssertRaisesContext instance at 0x7f8f51f40440>.test_case.failureException('ResponseError not raised by sync_metadata')
    </pre>
                            </div>
                        </section>
                        <section id="test.functional.tests.TestFileUTF8:testMetadataNumberLimit">
                            <h3>testMetadataNumberLimit: <strong>exceptions.AssertionError</strong></h3>
                            <div class="test-details">
                                <h4>Traceback</h4>
                                <pre class="traceback">Traceback (most recent call last):
  File "/home/travis/swift-venv/local/lib/python2.7/site-packages/unittest2/case.py", line 67, in testPartExecutor
    yield
  File "/home/travis/swift-venv/local/lib/python2.7/site-packages/unittest2/case.py", line 625, in run
    testMethod()
  File "/home/travis/swift/test/functional/tests.py", line 1895, in testMetadataNumberLimit
    self.assertRaises(ResponseError, file_item.sync_metadata)
  File "/home/travis/swift-venv/local/lib/python2.7/site-packages/unittest2/case.py", line 748, in assertRaises
    return context.handle('assertRaises', args, kwargs)
  File "/home/travis/swift-venv/local/lib/python2.7/site-packages/unittest2/case.py", line 194, in handle
    callable_obj(*args, **kwargs)
  File "/home/travis/swift-venv/local/lib/python2.7/site-packages/unittest2/case.py", line 214, in __exit__
    self.obj_name))
  File "/home/travis/swift-venv/local/lib/python2.7/site-packages/unittest2/case.py", line 150, in _raiseFailure
    raise self.test_case.failureException(msg)
AssertionError: ResponseError not raised by sync_metadata
    'ResponseError not raised by sync_metadata' = <unittest2.case._AssertRaisesContext instance at 0x7f8f51f40440>.test_case._formatMessage(<unittest2.case._AssertRaisesContext instance at 0x7f8f51f40440>.'ResponseError not raised by sync_metadata', 'ResponseError not raised by sync_metadata')
>>  raise <unittest2.case._AssertRaisesContext instance at 0x7f8f51f40440>.test_case.failureException('ResponseError not raised by sync_metadata')
    
</pre>
                                <h4>Details</h4>
                                <pre>ResponseError not raised by sync_metadata
    'ResponseError not raised by sync_metadata' = <unittest2.case._AssertRaisesContext instance at 0x7f8f51f40440>.test_case._formatMessage(<unittest2.case._AssertRaisesContext instance at 0x7f8f51f40440>.'ResponseError not raised by sync_metadata', 'ResponseError not raised by sync_metadata')
>>  raise <unittest2.case._AssertRaisesContext instance at 0x7f8f51f40440>.test_case.failureException('ResponseError not raised by sync_metadata')
    </pre>
                            </div>
                        </section>
                </div>
            </section>
            <section>
                <h2>test.functional.test_versioned_writes.TestObjectVersioning (3 failures, 1 errors)</h2>
                <div>
                        <section id="test.functional.test_versioned_writes.TestObjectVersioning:test_overwriting">
                            <h3>test_overwriting: <strong>exceptions.AssertionError</strong></h3>
                            <div class="test-details">
                                <h4>Traceback</h4>
                                <pre class="traceback">Traceback (most recent call last):
  File "/home/travis/swift-venv/local/lib/python2.7/site-packages/unittest2/case.py", line 67, in testPartExecutor
    yield
  File "/home/travis/swift-venv/local/lib/python2.7/site-packages/unittest2/case.py", line 625, in run
    testMethod()
  File "/home/travis/swift/test/functional/test_versioned_writes.py", line 330, in test_overwriting
    self._test_overwriting_setup()
  File "/home/travis/swift/test/functional/test_versioned_writes.py", line 270, in _test_overwriting_setup
    self.assertEqual(1, versions_container.info()['object_count'])
  File "/home/travis/swift-venv/local/lib/python2.7/site-packages/unittest2/case.py", line 836, in assertEqual
    assertion_func(first, second, msg=msg)
  File "/home/travis/swift-venv/local/lib/python2.7/site-packages/unittest2/case.py", line 829, in _baseAssertEqual
    raise self.failureException(msg)
AssertionError: 1 != 0
    '1 != 0' = '%s != %s' % _common_shorten_repr(1, 0)
    '1 != 0' = self._formatMessage('1 != 0', '1 != 0')
>>  raise self.failureException('1 != 0')
    
</pre>
                                <h4>Details</h4>
                                <pre>1 != 0
    '1 != 0' = '%s != %s' % _common_shorten_repr(1, 0)
    '1 != 0' = self._formatMessage('1 != 0', '1 != 0')
>>  raise self.failureException('1 != 0')
    </pre>
                            </div>
                        </section>
                        <section id="test.functional.test_versioned_writes.TestObjectVersioning:test_versioning_check_acl">
                            <h3>test_versioning_check_acl: <strong>test.functional.swift_test_client.ResponseError</strong></h3>
                            <div class="test-details">
                                <h4>Traceback</h4>
                                <pre class="traceback">Traceback (most recent call last):
  File "/home/travis/swift-venv/local/lib/python2.7/site-packages/unittest2/case.py", line 67, in testPartExecutor
    yield
  File "/home/travis/swift-venv/local/lib/python2.7/site-packages/unittest2/case.py", line 625, in run
    testMethod()
  File "/home/travis/swift/test/functional/test_versioned_writes.py", line 513, in test_versioning_check_acl
    self.assertEqual("aaaaa", versioned_obj.read())
  File "/home/travis/swift/test/functional/swift_test_client.py", line 859, in read
    self.conn.make_path(self.path))
ResponseError: 404: 'Not Found' ('GET' '/v1/AUTH_test/f459d5025d-objs/3093428b0dd44d3080d87c69c5af1dee') txid=14cd27a66df4a147
</pre>
                                <h4>Details</h4>
                                <pre>404: 'Not Found' ('GET' '/v1/AUTH_test/f459d5025d-objs/3093428b0dd44d3080d87c69c5af1dee') txid=14cd27a66df4a147</pre>
                            </div>
                        </section>
                        <section id="test.functional.test_versioned_writes.TestObjectVersioning:test_versioning_container_acl">
                            <h3>test_versioning_container_acl: <strong>exceptions.AssertionError</strong></h3>
                            <div class="test-details">
                                <h4>Traceback</h4>
                                <pre class="traceback">Traceback (most recent call last):
  File "/home/travis/swift-venv/local/lib/python2.7/site-packages/unittest2/case.py", line 67, in testPartExecutor
    yield
  File "/home/travis/swift-venv/local/lib/python2.7/site-packages/unittest2/case.py", line 625, in run
    testMethod()
  File "/home/travis/swift/test/functional/test_versioned_writes.py", line 440, in test_versioning_container_acl
    self.assertEqual(1, versions_container.info()['object_count'])
  File "/home/travis/swift-venv/local/lib/python2.7/site-packages/unittest2/case.py", line 836, in assertEqual
    assertion_func(first, second, msg=msg)
  File "/home/travis/swift-venv/local/lib/python2.7/site-packages/unittest2/case.py", line 829, in _baseAssertEqual
    raise self.failureException(msg)
AssertionError: 1 != 0
    '1 != 0' = '%s != %s' % _common_shorten_repr(1, 0)
    '1 != 0' = self._formatMessage('1 != 0', '1 != 0')
>>  raise self.failureException('1 != 0')
    
</pre>
                                <h4>Details</h4>
                                <pre>1 != 0
    '1 != 0' = '%s != %s' % _common_shorten_repr(1, 0)
    '1 != 0' = self._formatMessage('1 != 0', '1 != 0')
>>  raise self.failureException('1 != 0')
    </pre>
                            </div>
                        </section>
                        <section id="test.functional.test_versioned_writes.TestObjectVersioning:test_versioning_dlo">
                            <h3>test_versioning_dlo: <strong>exceptions.AssertionError</strong></h3>
                            <div class="test-details">
                                <h4>Traceback</h4>
                                <pre class="traceback">Traceback (most recent call last):
  File "/home/travis/swift-venv/local/lib/python2.7/site-packages/unittest2/case.py", line 67, in testPartExecutor
    yield
  File "/home/travis/swift-venv/local/lib/python2.7/site-packages/unittest2/case.py", line 625, in run
    testMethod()
  File "/home/travis/swift/test/functional/test_versioned_writes.py", line 380, in test_versioning_dlo
    self.assertEqual(3, versions_container.info()['object_count'])
  File "/home/travis/swift-venv/local/lib/python2.7/site-packages/unittest2/case.py", line 836, in assertEqual
    assertion_func(first, second, msg=msg)
  File "/home/travis/swift-venv/local/lib/python2.7/site-packages/unittest2/case.py", line 829, in _baseAssertEqual
    raise self.failureException(msg)
AssertionError: 3 != 0
    '3 != 0' = '%s != %s' % _common_shorten_repr(3, 0)
    '3 != 0' = self._formatMessage('3 != 0', '3 != 0')
>>  raise self.failureException('3 != 0')
    
</pre>
                                <h4>Details</h4>
                                <pre>3 != 0
    '3 != 0' = '%s != %s' % _common_shorten_repr(3, 0)
    '3 != 0' = self._formatMessage('3 != 0', '3 != 0')
>>  raise self.failureException('3 != 0')
    </pre>
                            </div>
                        </section>
                </div>
            </section>

    <h1>All tests</h1>
    <section>
        <h2>test.functional.tests.TestAccountNoContainers (0 failures, 0 errors)</h2>
        <ul>
                <li><a class="success">testGetRequest</a></li>
        </ul>
    </section>
    <section>
        <h2>test.functional.test_tempurl.TestTempurlUTF8 (0 failures, 0 errors)</h2>
        <ul>
                <li><a class="success">test_GET</a></li>
                <li><a class="success">test_GET_DLO_inside_container</a></li>
                <li><a class="success">test_GET_DLO_outside_container</a></li>
                <li><a class="success">test_GET_with_key_2</a></li>
                <li><a class="success">test_HEAD</a></li>
                <li><a class="success">test_PUT</a></li>
                <li><a class="success">test_PUT_manifest_access</a></li>
                <li><a class="success">test_changing_expires</a></li>
                <li><a class="success">test_changing_sig</a></li>
                <li><a class="success">test_different_object</a></li>
        </ul>
    </section>
    <section>
        <h2>test.functional.test_container.TestContainerACLsAccount1 (0 failures, 0 errors)</h2>
        <ul>
                <li><a class="failed" href="#test.functional.test_container.TestContainerACLsAccount1:test_cross_account_acl_ids_in_default_domain">test_cross_account_acl_ids_in_default_domain</a></li>
                <li><a class="failed" href="#test.functional.test_container.TestContainerACLsAccount1:test_cross_account_acl_ids_with_user_in_non_default_domain">test_cross_account_acl_ids_with_user_in_non_default_domain</a></li>
                <li><a class="failed" href="#test.functional.test_container.TestContainerACLsAccount1:test_cross_account_acl_names_in_default_domain">test_cross_account_acl_names_in_default_domain</a></li>
                <li><a class="failed" href="#test.functional.test_container.TestContainerACLsAccount1:test_cross_account_acl_names_with_user_in_non_default_domain">test_cross_account_acl_names_with_user_in_non_default_domain</a></li>
        </ul>
    </section>
    <section>
        <h2>test.functional.test_container.TestContainerACLsAccount4 (0 failures, 0 errors)</h2>
        <ul>
                <li><a class="failed" href="#test.functional.test_container.TestContainerACLsAccount4:test_cross_account_acl_ids_with_project_in_non_default_domain">test_cross_account_acl_ids_with_project_in_non_default_domain</a></li>
                <li><a class="failed" href="#test.functional.test_container.TestContainerACLsAccount4:test_cross_account_acl_names_with_project_in_non_default_domain">test_cross_account_acl_names_with_project_in_non_default_domain</a></li>
        </ul>
    </section>
    <section>
        <h2>test.functional.tests.TestAccount (0 failures, 0 errors)</h2>
        <ul>
                <li><a class="success">testAccountHead</a></li>
                <li><a class="success">testContainerListing</a></li>
                <li><a class="success">testContainerListingLastModified</a></li>
                <li><a class="success">testContainerSerializedInfo</a></li>
                <li><a class="success">testContainersOrderedByName</a></li>
                <li><a class="success">testInvalidAuthToken</a></li>
                <li><a class="success">testInvalidPath</a></li>
                <li><a class="success">testInvalidUTF8Path</a></li>
                <li><a class="success">testLastContainerMarker</a></li>
                <li><a class="success">testListDelimiter</a></li>
                <li><a class="success">testListDelimiterAndPrefix</a></li>
                <li><a class="success">testListingLimit</a></li>
                <li><a class="success">testMarkerLimitContainerList</a></li>
                <li><a class="success">testNoAuthToken</a></li>
                <li><a class="failed" href="#test.functional.tests.TestAccount:testPUTError">testPUTError</a></li>
                <li><a class="success">testQuotedWWWAuthenticateHeader</a></li>
                <li><a class="success">testVersionOnlyPath</a></li>
        </ul>
    </section>
    <section>
        <h2>test.functional.test_versioned_writes.TestSloWithVersioning (1 failures, 0 errors)</h2>
        <ul>
                <li><a class="failed" href="#test.functional.test_versioned_writes.TestSloWithVersioning:test_slo_manifest_version">test_slo_manifest_version</a></li>
        </ul>
    </section>
    <section>
        <h2>test.functional.test_slo.TestSloUTF8 (0 failures, 0 errors)</h2>
        <ul>
                <li><a class="success">test_slo_client_etag</a></li>
                <li><a class="success">test_slo_client_etag_mismatch</a></li>
                <li><a class="success">test_slo_container_listing</a></li>
                <li><a class="success">test_slo_copy</a></li>
                <li><a class="success">test_slo_copy_account</a></li>
                <li><a class="success">test_slo_copy_the_manifest</a></li>
                <li><a class="success">test_slo_copy_the_manifest_account</a></li>
                <li><a class="success">test_slo_copy_the_manifest_updating_metadata</a></li>
                <li><a class="success">test_slo_etag_is_hash_of_etags</a></li>
                <li><a class="success">test_slo_etag_is_hash_of_etags_submanifests</a></li>
                <li><a class="success">test_slo_etag_mismatch</a></li>
                <li><a class="success">test_slo_get_nested_manifest</a></li>
                <li><a class="success">test_slo_get_ranged_manifest</a></li>
                <li><a class="success">test_slo_get_ranged_manifest_repeated_segment</a></li>
                <li><a class="success">test_slo_get_ranged_submanifest</a></li>
                <li><a class="success">test_slo_get_raw_the_manifest_with_details_from_server</a></li>
                <li><a class="success">test_slo_get_simple_manifest</a></li>
                <li><a class="success">test_slo_get_the_manifest</a></li>
                <li><a class="success">test_slo_get_the_manifest_with_details_from_server</a></li>
                <li><a class="success">test_slo_head_the_manifest</a></li>
                <li><a class="success">test_slo_if_match_get</a></li>
                <li><a class="success">test_slo_if_match_head</a></li>
                <li><a class="success">test_slo_if_none_match_get</a></li>
                <li><a class="success">test_slo_if_none_match_head</a></li>
                <li><a class="success">test_slo_if_none_match_put</a></li>
                <li><a class="success">test_slo_missing_etag</a></li>
                <li><a class="success">test_slo_missing_size</a></li>
                <li><a class="success">test_slo_multi_ranged_get</a></li>
                <li><a class="success">test_slo_overwrite_segment_with_manifest</a></li>
                <li><a class="success">test_slo_path_only</a></li>
                <li><a class="success">test_slo_post_the_manifest_metadata_update</a></li>
                <li><a class="success">test_slo_post_the_manifest_metadata_update_with_qs</a></li>
                <li><a class="success">test_slo_ranged_get</a></li>
                <li><a class="success">test_slo_ranged_get_half_open_on_left</a></li>
                <li><a class="success">test_slo_ranged_get_half_open_on_right</a></li>
                <li><a class="success">test_slo_ranged_submanifest</a></li>
                <li><a class="success">test_slo_referer_on_segment_container</a></li>
                <li><a class="success">test_slo_size_mismatch</a></li>
                <li><a class="success">test_slo_unspecified_etag</a></li>
                <li><a class="success">test_slo_unspecified_size</a></li>
        </ul>
    </section>
    <section>
        <h2>test.functional.test_slo.TestSlo (0 failures, 0 errors)</h2>
        <ul>
                <li><a class="success">test_slo_client_etag</a></li>
                <li><a class="success">test_slo_client_etag_mismatch</a></li>
                <li><a class="success">test_slo_container_listing</a></li>
                <li><a class="success">test_slo_copy</a></li>
                <li><a class="success">test_slo_copy_account</a></li>
                <li><a class="success">test_slo_copy_the_manifest</a></li>
                <li><a class="success">test_slo_copy_the_manifest_account</a></li>
                <li><a class="success">test_slo_copy_the_manifest_updating_metadata</a></li>
                <li><a class="success">test_slo_etag_is_hash_of_etags</a></li>
                <li><a class="success">test_slo_etag_is_hash_of_etags_submanifests</a></li>
                <li><a class="success">test_slo_etag_mismatch</a></li>
                <li><a class="success">test_slo_get_nested_manifest</a></li>
                <li><a class="success">test_slo_get_ranged_manifest</a></li>
                <li><a class="success">test_slo_get_ranged_manifest_repeated_segment</a></li>
                <li><a class="success">test_slo_get_ranged_submanifest</a></li>
                <li><a class="success">test_slo_get_raw_the_manifest_with_details_from_server</a></li>
                <li><a class="success">test_slo_get_simple_manifest</a></li>
                <li><a class="success">test_slo_get_the_manifest</a></li>
                <li><a class="success">test_slo_get_the_manifest_with_details_from_server</a></li>
                <li><a class="success">test_slo_head_the_manifest</a></li>
                <li><a class="success">test_slo_if_match_get</a></li>
                <li><a class="success">test_slo_if_match_head</a></li>
                <li><a class="success">test_slo_if_none_match_get</a></li>
                <li><a class="success">test_slo_if_none_match_head</a></li>
                <li><a class="success">test_slo_if_none_match_put</a></li>
                <li><a class="success">test_slo_missing_etag</a></li>
                <li><a class="success">test_slo_missing_size</a></li>
                <li><a class="success">test_slo_multi_ranged_get</a></li>
                <li><a class="success">test_slo_overwrite_segment_with_manifest</a></li>
                <li><a class="success">test_slo_path_only</a></li>
                <li><a class="success">test_slo_post_the_manifest_metadata_update</a></li>
                <li><a class="success">test_slo_post_the_manifest_metadata_update_with_qs</a></li>
                <li><a class="success">test_slo_ranged_get</a></li>
                <li><a class="success">test_slo_ranged_get_half_open_on_left</a></li>
                <li><a class="success">test_slo_ranged_get_half_open_on_right</a></li>
                <li><a class="success">test_slo_ranged_submanifest</a></li>
                <li><a class="success">test_slo_referer_on_segment_container</a></li>
                <li><a class="success">test_slo_size_mismatch</a></li>
                <li><a class="success">test_slo_unspecified_etag</a></li>
                <li><a class="success">test_slo_unspecified_size</a></li>
        </ul>
    </section>
    <section>
        <h2>test.functional.tests.TestContainerUTF8 (0 failures, 0 errors)</h2>
        <ul>
                <li><a class="success">testContainerExistenceCachingProblem</a></li>
                <li><a class="success">testContainerFileList</a></li>
                <li><a class="success">testContainerFileListOnContainerThatDoesNotExist</a></li>
                <li><a class="success">testContainerFileListWithLimit</a></li>
                <li><a class="success">testContainerInfo</a></li>
                <li><a class="success">testContainerInfoOnContainerThatDoesNotExist</a></li>
                <li><a class="success">testContainerJsonFileList</a></li>
                <li><a class="success">testContainerLastModified</a></li>
                <li><a class="success">testContainerNameLimit</a></li>
                <li><a class="success">testContainerXmlFileList</a></li>
                <li><a class="success">testCreate</a></li>
                <li><a class="success">testCreateOnExisting</a></li>
                <li><a class="success">testDelete</a></li>
                <li><a class="success">testDeleteOnContainerThatDoesNotExist</a></li>
                <li><a class="success">testDeleteOnContainerWithFiles</a></li>
                <li><a class="success">testFileCreateInContainerThatDoesNotExist</a></li>
                <li><a class="success">testFileListingLimitMarkerPrefix</a></li>
                <li><a class="success">testFileOrder</a></li>
                <li><a class="success">testFileThenContainerDelete</a></li>
                <li><a class="success">testLastFileMarker</a></li>
                <li><a class="success">testLeadingDelimiter</a></li>
                <li><a class="success">testListDelimiter</a></li>
                <li><a class="success">testListDelimiterAndPrefix</a></li>
                <li><a class="success">testMarkerLimitFileList</a></li>
                <li><a class="success">testPrefixAndLimit</a></li>
                <li><a class="success">testSlashInName</a></li>
                <li><a class="success">testTooLongName</a></li>
                <li><a class="success">testUtf8Container</a></li>
        </ul>
    </section>
    <section>
        <h2>test.functional.tests.TestFileComparisonUTF8 (0 failures, 0 errors)</h2>
        <ul>
                <li><a class="success">testIfMatch</a></li>
                <li><a class="success">testIfMatchAndUnmodified</a></li>
                <li><a class="success">testIfMatchMultipleEtags</a></li>
                <li><a class="success">testIfModifiedSince</a></li>
                <li><a class="success">testIfNoneMatch</a></li>
                <li><a class="success">testIfNoneMatchMultipleEtags</a></li>
                <li><a class="success">testIfUnmodifiedSince</a></li>
                <li><a class="success">testLastModified</a></li>
        </ul>
    </section>
    <section>
        <h2>test.functional.tests.TestAccountSorting (0 failures, 0 errors)</h2>
        <ul>
                <li><a class="success">testAccountContainerListSorting</a></li>
                <li><a class="success">testAccountContainerListSortingByMarkersExclusive</a></li>
                <li><a class="success">testAccountContainerListSortingByMarkersInclusive</a></li>
                <li><a class="success">testAccountContainerListSortingByPrefix</a></li>
                <li><a class="success">testAccountContainerListSortingByReversedMarkers</a></li>
                <li><a class="success">testAccountContainerListSortingReverse</a></li>
        </ul>
    </section>
    <section>
        <h2>test.functional.test_object.TestObject (0 failures, 0 errors)</h2>
        <ul>
                <li><a class="failed" href="#test.functional.test_object.TestObject:test_admin">test_admin</a></li>
                <li><a class="success">test_container_write_only</a></li>
                <li><a class="success">test_copy_between_accounts</a></li>
                <li><a class="success">test_copy_object</a></li>
                <li><a class="success">test_cors</a></li>
                <li><a class="failed" href="#test.functional.test_object.TestObject:test_cross_policy_copy">test_cross_policy_copy</a></li>
                <li><a class="success">test_delete_content_type</a></li>
                <li><a class="success">test_delete_if_delete_at_bad</a></li>
                <li><a class="success">test_if_none_match</a></li>
                <li><a class="success">test_manifest</a></li>
                <li><a class="success">test_metadata</a></li>
                <li><a class="success">test_non_integer_x_delete_after</a></li>
                <li><a class="success">test_non_integer_x_delete_at</a></li>
                <li><a class="success">test_null_name</a></li>
                <li><a class="success">test_private_object</a></li>
                <li><a class="success">test_public_object</a></li>
                <li><a class="failed" href="#test.functional.test_object.TestObject:test_read_only">test_read_only</a></li>
                <li><a class="failed" href="#test.functional.test_object.TestObject:test_read_write">test_read_write</a></li>
                <li><a class="success">test_too_big_x_timestamp</a></li>
                <li><a class="success">test_too_small_x_timestamp</a></li>
                <li><a class="success">test_x_delete_after</a></li>
                <li><a class="success">test_x_delete_at</a></li>
                <li><a class="success">test_x_delete_at_in_the_past</a></li>
        </ul>
    </section>
    <section>
        <h2>test.functional.tests.TestFile (2 failures, 0 errors)</h2>
        <ul>
                <li><a class="success">testBlankMetadataName</a></li>
                <li><a class="success">testChunkedPut</a></li>
                <li><a class="success">testContentTypeGuessing</a></li>
                <li><a class="success">testCopy</a></li>
                <li><a class="success">testCopy404s</a></li>
                <li><a class="success">testCopyAccount</a></li>
                <li><a class="success">testCopyAccount404s</a></li>
                <li><a class="success">testCopyDestinationSlashProblems</a></li>
                <li><a class="success">testCopyFromAccountHeader</a></li>
                <li><a class="success">testCopyFromAccountHeader404s</a></li>
                <li><a class="success">testCopyFromHeader</a></li>
                <li><a class="success">testCopyFromHeader404s</a></li>
                <li><a class="success">testCopyNoDestinationHeader</a></li>
                <li><a class="success">testCopyRange</a></li>
                <li><a class="success">testDelete</a></li>
                <li><a class="success">testDeleteOfFileThatDoesNotExist</a></li>
                <li><a class="success">testDeleteThen404s</a></li>
                <li><a class="success">testEtagResponse</a></li>
                <li><a class="success">testEtagWayoff</a></li>
                <li><a class="success">testFileCreate</a></li>
                <li><a class="success">testFileSizeLimit</a></li>
                <li><a class="success">testGetContentType</a></li>
                <li><a class="success">testGetOnFileThatDoesNotExist</a></li>
                <li><a class="success">testHead</a></li>
                <li><a class="success">testHeadOnFileThatDoesNotExist</a></li>
                <li><a class="failed" href="#test.functional.tests.TestFile:testMetadataLengthLimits">testMetadataLengthLimits</a></li>
                <li><a class="failed" href="#test.functional.tests.TestFile:testMetadataNumberLimit">testMetadataNumberLimit</a></li>
                <li><a class="success">testMetadataOnPost</a></li>
                <li><a class="success">testMetadataOnPut</a></li>
                <li><a class="success">testMultiRangeGets</a></li>
                <li><a class="success">testNameLimit</a></li>
                <li><a class="success">testNoContentLengthForPut</a></li>
                <li><a class="success">testPostOnFileThatDoesNotExist</a></li>
                <li><a class="success">testQuestionMarkInName</a></li>
                <li><a class="success">testRangedGets</a></li>
                <li><a class="success">testRangedGetsWithLWSinHeader</a></li>
                <li><a class="success">testSerialization</a></li>
                <li><a class="success">testStackedOverwrite</a></li>
                <li><a class="success">testTooLongName</a></li>
                <li><a class="success">testZeroByteFile</a></li>
                <li><a class="success">test_POST</a></li>
        </ul>
    </section>
    <section>
        <h2>test.functional.test_container.TestContainer (0 failures, 0 errors)</h2>
        <ul>
                <li><a class="success">test_POST_bad_metadata</a></li>
                <li><a class="success">test_POST_bad_metadata2</a></li>
                <li><a class="success">test_POST_bad_metadata3</a></li>
                <li><a class="success">test_POST_metadata</a></li>
                <li><a class="success">test_PUT_bad_metadata</a></li>
                <li><a class="success">test_PUT_metadata</a></li>
                <li><a class="failed" href="#test.functional.test_container.TestContainer:test_admin_acl_listing">test_admin_acl_listing</a></li>
                <li><a class="failed" href="#test.functional.test_container.TestContainer:test_admin_acl_metadata">test_admin_acl_metadata</a></li>
                <li><a class="failed" href="#test.functional.test_container.TestContainer:test_conflict_change_storage_policy_with_put">test_conflict_change_storage_policy_with_put</a></li>
                <li><a class="failed" href="#test.functional.test_container.TestContainer:test_container_quota_bytes">test_container_quota_bytes</a></li>
                <li><a class="success">test_create_container_gets_default_policy_by_default</a></li>
                <li><a class="failed" href="#test.functional.test_container.TestContainer:test_create_non_default_storage_policy_container">test_create_non_default_storage_policy_container</a></li>
                <li><a class="success">test_cross_account_container</a></li>
                <li><a class="success">test_cross_account_public_container</a></li>
                <li><a class="success">test_error_invalid_storage_policy_name</a></li>
                <li><a class="success">test_long_name_content_type</a></li>
                <li><a class="success">test_multi_metadata</a></li>
                <li><a class="success">test_nonadmin_user</a></li>
                <li><a class="failed" href="#test.functional.test_container.TestContainer:test_noop_change_storage_policy_with_post">test_noop_change_storage_policy_with_post</a></li>
                <li><a class="success">test_null_name</a></li>
                <li><a class="failed" href="#test.functional.test_container.TestContainer:test_protected_container_acl">test_protected_container_acl</a></li>
                <li><a class="failed" href="#test.functional.test_container.TestContainer:test_protected_container_sync">test_protected_container_sync</a></li>
                <li><a class="success">test_public_container</a></li>
                <li><a class="failed" href="#test.functional.test_container.TestContainer:test_read_only_acl_listings">test_read_only_acl_listings</a></li>
                <li><a class="failed" href="#test.functional.test_container.TestContainer:test_read_only_acl_metadata">test_read_only_acl_metadata</a></li>
                <li><a class="failed" href="#test.functional.test_container.TestContainer:test_read_write_acl_listings">test_read_write_acl_listings</a></li>
                <li><a class="failed" href="#test.functional.test_container.TestContainer:test_read_write_acl_metadata">test_read_write_acl_metadata</a></li>
        </ul>
    </section>
    <section>
        <h2>test.functional.test_dlo.TestDloUTF8 (0 failures, 0 errors)</h2>
        <ul>
                <li><a class="success">test_copy</a></li>
                <li><a class="success">test_copy_account</a></li>
                <li><a class="success">test_copy_manifest</a></li>
                <li><a class="success">test_dlo_if_match_get</a></li>
                <li><a class="success">test_dlo_if_match_head</a></li>
                <li><a class="success">test_dlo_if_none_match_get</a></li>
                <li><a class="success">test_dlo_if_none_match_head</a></li>
                <li><a class="success">test_dlo_post_with_manifest_header</a></li>
                <li><a class="success">test_dlo_post_with_manifest_regular_object</a></li>
                <li><a class="success">test_dlo_post_without_manifest_header</a></li>
                <li><a class="success">test_dlo_referer_on_segment_container</a></li>
                <li><a class="success">test_get_manifest</a></li>
                <li><a class="success">test_get_manifest_document_itself</a></li>
                <li><a class="success">test_get_range</a></li>
                <li><a class="success">test_get_range_out_of_range</a></li>
        </ul>
    </section>
    <section>
        <h2>test.functional.test_versioned_writes.TestCrossPolicyObjectVersioning (0 failures, 0 errors)</h2>
        <ul>
                <li><a class="failed" href="#test.functional.test_versioned_writes.TestCrossPolicyObjectVersioning:test_clear_version_option">test_clear_version_option</a></li>
                <li><a class="failed" href="#test.functional.test_versioned_writes.TestCrossPolicyObjectVersioning:test_overwriting">test_overwriting</a></li>
                <li><a class="failed" href="#test.functional.test_versioned_writes.TestCrossPolicyObjectVersioning:test_versioning_check_acl">test_versioning_check_acl</a></li>
                <li><a class="failed" href="#test.functional.test_versioned_writes.TestCrossPolicyObjectVersioning:test_versioning_container_acl">test_versioning_container_acl</a></li>
                <li><a class="failed" href="#test.functional.test_versioned_writes.TestCrossPolicyObjectVersioning:test_versioning_dlo">test_versioning_dlo</a></li>
        </ul>
    </section>
    <section>
        <h2>test.functional.test_account.TestAccountInNonDefaultDomain (0 failures, 0 errors)</h2>
        <ul>
                <li><a class="failed" href="#test.functional.test_account.TestAccountInNonDefaultDomain:test_project_domain_id_header">test_project_domain_id_header</a></li>
        </ul>
    </section>
    <section>
        <h2>test.functional.test_access_control.TestRBAC (0 failures, 0 errors)</h2>
        <ul>
                <li><a class="failed" href="#test.functional.test_access_control.TestRBAC:test_rbac">test_rbac</a></li>
                <li><a class="failed" href="#test.functional.test_access_control.TestRBAC:test_rbac_with_service_prefix">test_rbac_with_service_prefix</a></li>
        </ul>
    </section>
    <section>
        <h2>test.functional.test_tempurl.TestSloTempurl (0 failures, 0 errors)</h2>
        <ul>
                <li><a class="success">test_GET</a></li>
        </ul>
    </section>
    <section>
        <h2>test.functional.tests.TestAccountNoContainersUTF8 (0 failures, 0 errors)</h2>
        <ul>
                <li><a class="success">testGetRequest</a></li>
        </ul>
    </section>
    <section>
        <h2>test.functional.tests.TestContainer (0 failures, 0 errors)</h2>
        <ul>
                <li><a class="success">testContainerExistenceCachingProblem</a></li>
                <li><a class="success">testContainerFileList</a></li>
                <li><a class="success">testContainerFileListOnContainerThatDoesNotExist</a></li>
                <li><a class="success">testContainerFileListWithLimit</a></li>
                <li><a class="success">testContainerInfo</a></li>
                <li><a class="success">testContainerInfoOnContainerThatDoesNotExist</a></li>
                <li><a class="success">testContainerJsonFileList</a></li>
                <li><a class="success">testContainerLastModified</a></li>
                <li><a class="success">testContainerNameLimit</a></li>
                <li><a class="success">testContainerXmlFileList</a></li>
                <li><a class="success">testCreate</a></li>
                <li><a class="success">testCreateOnExisting</a></li>
                <li><a class="success">testDelete</a></li>
                <li><a class="success">testDeleteOnContainerThatDoesNotExist</a></li>
                <li><a class="success">testDeleteOnContainerWithFiles</a></li>
                <li><a class="success">testFileCreateInContainerThatDoesNotExist</a></li>
                <li><a class="success">testFileListingLimitMarkerPrefix</a></li>
                <li><a class="success">testFileOrder</a></li>
                <li><a class="success">testFileThenContainerDelete</a></li>
                <li><a class="success">testLastFileMarker</a></li>
                <li><a class="success">testLeadingDelimiter</a></li>
                <li><a class="success">testListDelimiter</a></li>
                <li><a class="success">testListDelimiterAndPrefix</a></li>
                <li><a class="success">testMarkerLimitFileList</a></li>
                <li><a class="success">testPrefixAndLimit</a></li>
                <li><a class="success">testSlashInName</a></li>
                <li><a class="success">testTooLongName</a></li>
                <li><a class="success">testUtf8Container</a></li>
        </ul>
    </section>
    <section>
        <h2>test.functional.tests.TestFileComparison (0 failures, 0 errors)</h2>
        <ul>
                <li><a class="success">testIfMatch</a></li>
                <li><a class="success">testIfMatchAndUnmodified</a></li>
                <li><a class="success">testIfMatchMultipleEtags</a></li>
                <li><a class="success">testIfModifiedSince</a></li>
                <li><a class="success">testIfNoneMatch</a></li>
                <li><a class="success">testIfNoneMatchMultipleEtags</a></li>
                <li><a class="success">testIfUnmodifiedSince</a></li>
                <li><a class="success">testLastModified</a></li>
        </ul>
    </section>
    <section>
        <h2>test.functional.test_tempurl.TestTempURLPrefix (0 failures, 0 errors)</h2>
        <ul>
                <li><a class="success">test_GET</a></li>
                <li><a class="success">test_GET_DLO_inside_container</a></li>
                <li><a class="success">test_GET_DLO_outside_container</a></li>
                <li><a class="success">test_GET_with_key_2</a></li>
                <li><a class="success">test_HEAD</a></li>
                <li><a class="success">test_PUT</a></li>
                <li><a class="success">test_PUT_manifest_access</a></li>
                <li><a class="success">test_changing_expires</a></li>
                <li><a class="success">test_changing_sig</a></li>
                <li><a class="success">test_different_object</a></li>
                <li><a class="success">test_empty_prefix</a></li>
                <li><a class="success">test_missing_query_parm</a></li>
                <li><a class="success">test_no_prefix_match</a></li>
                <li><a class="success">test_object_url_with_prefix</a></li>
        </ul>
    </section>
    <section>
        <h2>test.functional.test_tempurl.TestContainerTempurl (0 failures, 0 errors)</h2>
        <ul>
                <li><a class="success">test_GET</a></li>
                <li><a class="success">test_GET_DLO_inside_container</a></li>
                <li><a class="success">test_GET_DLO_outside_container</a></li>
                <li><a class="success">test_GET_with_key_2</a></li>
                <li><a class="success">test_HEAD</a></li>
                <li><a class="success">test_PUT</a></li>
                <li><a class="success">test_changing_expires</a></li>
                <li><a class="success">test_changing_sig</a></li>
                <li><a class="success">test_different_object</a></li>
                <li><a class="failed" href="#test.functional.test_tempurl.TestContainerTempurl:test_tempurl_keys_hidden_from_acl_readonly">test_tempurl_keys_hidden_from_acl_readonly</a></li>
                <li><a class="failed" href="#test.functional.test_tempurl.TestContainerTempurl:test_tempurl_keys_visible_to_account_owner">test_tempurl_keys_visible_to_account_owner</a></li>
        </ul>
    </section>
    <section>
        <h2>test.functional.tests.TestAccountUTF8 (0 failures, 0 errors)</h2>
        <ul>
                <li><a class="success">testAccountHead</a></li>
                <li><a class="success">testContainerListing</a></li>
                <li><a class="success">testContainerListingLastModified</a></li>
                <li><a class="success">testContainerSerializedInfo</a></li>
                <li><a class="success">testContainersOrderedByName</a></li>
                <li><a class="success">testInvalidAuthToken</a></li>
                <li><a class="success">testInvalidPath</a></li>
                <li><a class="success">testInvalidUTF8Path</a></li>
                <li><a class="success">testLastContainerMarker</a></li>
                <li><a class="success">testListDelimiter</a></li>
                <li><a class="success">testListDelimiterAndPrefix</a></li>
                <li><a class="success">testListingLimit</a></li>
                <li><a class="success">testMarkerLimitContainerList</a></li>
                <li><a class="success">testNoAuthToken</a></li>
                <li><a class="failed" href="#test.functional.tests.TestAccountUTF8:testPUTError">testPUTError</a></li>
                <li><a class="success">testQuotedWWWAuthenticateHeader</a></li>
                <li><a class="success">testVersionOnlyPath</a></li>
        </ul>
    </section>
    <section>
        <h2>test.functional.test_versioned_writes.TestObjectVersioningUTF8 (3 failures, 1 errors)</h2>
        <ul>
                <li><a class="success">test_clear_version_option</a></li>
                <li><a class="failed" href="#test.functional.test_versioned_writes.TestObjectVersioningUTF8:test_overwriting">test_overwriting</a></li>
                <li><a class="failed" href="#test.functional.test_versioned_writes.TestObjectVersioningUTF8:test_versioning_check_acl">test_versioning_check_acl</a></li>
                <li><a class="failed" href="#test.functional.test_versioned_writes.TestObjectVersioningUTF8:test_versioning_container_acl">test_versioning_container_acl</a></li>
                <li><a class="failed" href="#test.functional.test_versioned_writes.TestObjectVersioningUTF8:test_versioning_dlo">test_versioning_dlo</a></li>
        </ul>
    </section>
    <section>
        <h2>test.functional.test_dlo.TestDlo (0 failures, 0 errors)</h2>
        <ul>
                <li><a class="success">test_copy</a></li>
                <li><a class="success">test_copy_account</a></li>
                <li><a class="success">test_copy_manifest</a></li>
                <li><a class="success">test_dlo_if_match_get</a></li>
                <li><a class="success">test_dlo_if_match_head</a></li>
                <li><a class="success">test_dlo_if_none_match_get</a></li>
                <li><a class="success">test_dlo_if_none_match_head</a></li>
                <li><a class="success">test_dlo_post_with_manifest_header</a></li>
                <li><a class="success">test_dlo_post_with_manifest_regular_object</a></li>
                <li><a class="success">test_dlo_post_without_manifest_header</a></li>
                <li><a class="success">test_dlo_referer_on_segment_container</a></li>
                <li><a class="success">test_get_manifest</a></li>
                <li><a class="success">test_get_manifest_document_itself</a></li>
                <li><a class="success">test_get_range</a></li>
                <li><a class="success">test_get_range_out_of_range</a></li>
        </ul>
    </section>
    <section>
        <h2>test.functional.tests.TestServiceToken (0 failures, 0 errors)</h2>
        <ul>
                <li><a class="failed" href="#test.functional.tests.TestServiceToken:test_service_user_denied_with_x_auth_token">test_service_user_denied_with_x_auth_token</a></li>
                <li><a class="failed" href="#test.functional.tests.TestServiceToken:test_service_user_denied_with_x_service_token">test_service_user_denied_with_x_service_token</a></li>
                <li><a class="failed" href="#test.functional.tests.TestServiceToken:test_user_access_own_auth_account">test_user_access_own_auth_account</a></li>
                <li><a class="failed" href="#test.functional.tests.TestServiceToken:test_user_cannot_access_service_account">test_user_cannot_access_service_account</a></li>
                <li><a class="failed" href="#test.functional.tests.TestServiceToken:test_user_plus_service_can_access_service_account">test_user_plus_service_can_access_service_account</a></li>
        </ul>
    </section>
    <section>
        <h2>test.functional.test_versioned_writes.TestObjectVersioningHistoryMode (4 failures, 0 errors)</h2>
        <ul>
                <li><a class="success">test_clear_version_option</a></li>
                <li><a class="failed" href="#test.functional.test_versioned_writes.TestObjectVersioningHistoryMode:test_overwriting">test_overwriting</a></li>
                <li><a class="failed" href="#test.functional.test_versioned_writes.TestObjectVersioningHistoryMode:test_versioning_check_acl">test_versioning_check_acl</a></li>
                <li><a class="failed" href="#test.functional.test_versioned_writes.TestObjectVersioningHistoryMode:test_versioning_container_acl">test_versioning_container_acl</a></li>
                <li><a class="failed" href="#test.functional.test_versioned_writes.TestObjectVersioningHistoryMode:test_versioning_dlo">test_versioning_dlo</a></li>
        </ul>
    </section>
    <section>
        <h2>test.functional.tests.TestContainerPaths (0 failures, 0 errors)</h2>
        <ul>
                <li><a class="success">testContainerListing</a></li>
                <li><a class="success">testStructure</a></li>
                <li><a class="success">testTraverseContainer</a></li>
        </ul>
    </section>
    <section>
        <h2>test.functional.test_access_control.TestRBACInfo (0 failures, 0 errors)</h2>
        <ul>
                <li><a class="failed" href="#test.functional.test_access_control.TestRBACInfo:test_rbac_info">test_rbac_info</a></li>
                <li><a class="failed" href="#test.functional.test_access_control.TestRBACInfo:test_rbac_info_with_service_prefix">test_rbac_info_with_service_prefix</a></li>
        </ul>
    </section>
    <section>
        <h2>test.functional.tests.TestFileUTF8 (3 failures, 0 errors)</h2>
        <ul>
                <li><a class="failed" href="#test.functional.tests.TestFileUTF8:testBadHeaders">testBadHeaders</a></li>
                <li><a class="success">testBlankMetadataName</a></li>
                <li><a class="success">testChunkedPut</a></li>
                <li><a class="success">testContentTypeGuessing</a></li>
                <li><a class="success">testCopy</a></li>
                <li><a class="success">testCopy404s</a></li>
                <li><a class="success">testCopyAccount</a></li>
                <li><a class="success">testCopyAccount404s</a></li>
                <li><a class="success">testCopyDestinationSlashProblems</a></li>
                <li><a class="success">testCopyFromAccountHeader</a></li>
                <li><a class="success">testCopyFromAccountHeader404s</a></li>
                <li><a class="success">testCopyFromHeader</a></li>
                <li><a class="success">testCopyFromHeader404s</a></li>
                <li><a class="success">testCopyNoDestinationHeader</a></li>
                <li><a class="success">testCopyRange</a></li>
                <li><a class="success">testDelete</a></li>
                <li><a class="success">testDeleteOfFileThatDoesNotExist</a></li>
                <li><a class="success">testDeleteThen404s</a></li>
                <li><a class="success">testEtagResponse</a></li>
                <li><a class="success">testEtagWayoff</a></li>
                <li><a class="success">testFileCreate</a></li>
                <li><a class="success">testFileSizeLimit</a></li>
                <li><a class="success">testGetContentType</a></li>
                <li><a class="success">testGetOnFileThatDoesNotExist</a></li>
                <li><a class="success">testHead</a></li>
                <li><a class="success">testHeadOnFileThatDoesNotExist</a></li>
                <li><a class="failed" href="#test.functional.tests.TestFileUTF8:testMetadataLengthLimits">testMetadataLengthLimits</a></li>
                <li><a class="failed" href="#test.functional.tests.TestFileUTF8:testMetadataNumberLimit">testMetadataNumberLimit</a></li>
                <li><a class="success">testMetadataOnPost</a></li>
                <li><a class="success">testMetadataOnPut</a></li>
                <li><a class="success">testMultiRangeGets</a></li>
                <li><a class="success">testNameLimit</a></li>
                <li><a class="success">testNoContentLengthForPut</a></li>
                <li><a class="success">testPostOnFileThatDoesNotExist</a></li>
                <li><a class="success">testQuestionMarkInName</a></li>
                <li><a class="success">testRangedGets</a></li>
                <li><a class="success">testRangedGetsWithLWSinHeader</a></li>
                <li><a class="success">testSerialization</a></li>
                <li><a class="success">testStackedOverwrite</a></li>
                <li><a class="success">testTooLongName</a></li>
                <li><a class="success">testZeroByteFile</a></li>
                <li><a class="success">test_POST</a></li>
        </ul>
    </section>
    <section>
        <h2>test.functional.test_access_control.TestContainerACL (0 failures, 0 errors)</h2>
        <ul>
                <li><a class="failed" href="#test.functional.test_access_control.TestContainerACL:test_container_acl">test_container_acl</a></li>
        </ul>
    </section>
    <section>
        <h2>test.functional.test_versioned_writes.TestObjectVersioning (3 failures, 1 errors)</h2>
        <ul>
                <li><a class="success">test_clear_version_option</a></li>
                <li><a class="failed" href="#test.functional.test_versioned_writes.TestObjectVersioning:test_overwriting">test_overwriting</a></li>
                <li><a class="failed" href="#test.functional.test_versioned_writes.TestObjectVersioning:test_versioning_check_acl">test_versioning_check_acl</a></li>
                <li><a class="failed" href="#test.functional.test_versioned_writes.TestObjectVersioning:test_versioning_container_acl">test_versioning_container_acl</a></li>
                <li><a class="failed" href="#test.functional.test_versioned_writes.TestObjectVersioning:test_versioning_dlo">test_versioning_dlo</a></li>
        </ul>
    </section>
    <section>
        <h2>test.functional.test_tempurl.TestTempurl (0 failures, 0 errors)</h2>
        <ul>
                <li><a class="success">test_GET</a></li>
                <li><a class="success">test_GET_DLO_inside_container</a></li>
                <li><a class="success">test_GET_DLO_outside_container</a></li>
                <li><a class="success">test_GET_with_key_2</a></li>
                <li><a class="success">test_HEAD</a></li>
                <li><a class="success">test_PUT</a></li>
                <li><a class="success">test_PUT_manifest_access</a></li>
                <li><a class="success">test_changing_expires</a></li>
                <li><a class="success">test_changing_sig</a></li>
                <li><a class="success">test_different_object</a></li>
        </ul>
    </section>
    <section>
        <h2>test.functional.test_account.TestAccount (0 failures, 0 errors)</h2>
        <ul>
                <li><a class="failed" href="#test.functional.test_account.TestAccount:test_account_acls">test_account_acls</a></li>
                <li><a class="failed" href="#test.functional.test_account.TestAccount:test_admin_acl">test_admin_acl</a></li>
                <li><a class="success">test_bad_metadata</a></li>
                <li><a class="success">test_bad_metadata2</a></li>
                <li><a class="success">test_bad_metadata3</a></li>
                <li><a class="failed" href="#test.functional.test_account.TestAccount:test_invalid_acl_keys">test_invalid_acl_keys</a></li>
                <li><a class="failed" href="#test.functional.test_account.TestAccount:test_invalid_acl_values">test_invalid_acl_values</a></li>
                <li><a class="success">test_invalid_acls</a></li>
                <li><a class="success">test_metadata</a></li>
                <li><a class="success">test_multi_metadata</a></li>
                <li><a class="failed" href="#test.functional.test_account.TestAccount:test_protected_tempurl">test_protected_tempurl</a></li>
                <li><a class="failed" href="#test.functional.test_account.TestAccount:test_read_only_acl">test_read_only_acl</a></li>
                <li><a class="failed" href="#test.functional.test_account.TestAccount:test_read_write_acl">test_read_write_acl</a></li>
                <li><a class="failed" href="#test.functional.test_account.TestAccount:test_swift_account_acls">test_swift_account_acls</a></li>
                <li><a class="success">test_swift_prohibits_garbage_account_acls</a></li>
        </ul>
    </section>
    <section>
        <h2>test.functional.tests.TestContainerSorting (0 failures, 0 errors)</h2>
        <ul>
                <li><a class="success">testContainerFileListSorting</a></li>
                <li><a class="success">testContainerFileListSortingReversed</a></li>
                <li><a class="success">testContainerFileSortingByMarkersExclusiveReversed</a></li>
                <li><a class="success">testContainerFileSortingByMarkersInclusiveReversed</a></li>
                <li><a class="success">testContainerFileSortingByPrefixReversed</a></li>
                <li><a class="success">testContainerFileSortingByReversedMarkersReversed</a></li>
        </ul>
    </section>
    <section>
        <h2>test.functional.test_tempurl.TestContainerTempurlUTF8 (0 failures, 0 errors)</h2>
        <ul>
                <li><a class="success">test_GET</a></li>
                <li><a class="success">test_GET_DLO_inside_container</a></li>
                <li><a class="success">test_GET_DLO_outside_container</a></li>
                <li><a class="success">test_GET_with_key_2</a></li>
                <li><a class="success">test_HEAD</a></li>
                <li><a class="success">test_PUT</a></li>
                <li><a class="success">test_changing_expires</a></li>
                <li><a class="success">test_changing_sig</a></li>
                <li><a class="success">test_different_object</a></li>
                <li><a class="failed" href="#test.functional.test_tempurl.TestContainerTempurlUTF8:test_tempurl_keys_hidden_from_acl_readonly">test_tempurl_keys_hidden_from_acl_readonly</a></li>
                <li><a class="failed" href="#test.functional.test_tempurl.TestContainerTempurlUTF8:test_tempurl_keys_visible_to_account_owner">test_tempurl_keys_visible_to_account_owner</a></li>
        </ul>
    </section>
    <section>
        <h2>test.functional.test_tempurl.TestSloTempurlUTF8 (0 failures, 0 errors)</h2>
        <ul>
                <li><a class="success">test_GET</a></li>
        </ul>
    </section>
</body>
<script>
    Array.prototype.forEach.call(document.querySelectorAll('h1, h2, h3, h4'), function(el) {
        el.addEventListener('click', function() {
            el.nextElementSibling.style.display = document.defaultView.getComputedStyle(el.nextElementSibling).display == 'none' ? 'block' : 'none';
        })
    })
</script>
</html>